<?xml version="1.0" encoding="UTF-8"?>
<testng-results skipped="0" failed="1" total="1" passed="0">
  <reporter-output>
  </reporter-output>
  <suite name="Default suite" duration-ms="210" started-at="2019-08-15T00:23:00Z" finished-at="2019-08-15T00:23:00Z">
    <groups>
    </groups>
    <test name="Default test" duration-ms="210" started-at="2019-08-15T00:23:00Z" finished-at="2019-08-15T00:23:00Z">
      <class name="com.zafor.demo.test.TestMe">
        <test-method status="PASS" signature="setUpBeforeSuite()[pri:0, instance:com.zafor.demo.test.TestMe@3a82f6ef]" name="setUpBeforeSuite" is-config="true" duration-ms="98" started-at="2019-08-14T19:23:00Z" finished-at="2019-08-14T19:23:00Z">
          <reporter-output>
          </reporter-output>
        </test-method> <!-- setUpBeforeSuite -->
        <test-method status="PASS" signature="setUpBeforeGroups()[pri:0, instance:com.zafor.demo.test.TestMe@3a82f6ef]" name="setUpBeforeGroups" is-config="true" duration-ms="0" started-at="2019-08-14T19:23:00Z" finished-at="2019-08-14T19:23:00Z">
          <reporter-output>
          </reporter-output>
        </test-method> <!-- setUpBeforeGroups -->
        <test-method status="PASS" signature="setUpBeforeClass()[pri:0, instance:com.zafor.demo.test.TestMe@3a82f6ef]" name="setUpBeforeClass" is-config="true" duration-ms="2" started-at="2019-08-14T19:23:00Z" finished-at="2019-08-14T19:23:00Z">
          <reporter-output>
          </reporter-output>
        </test-method> <!-- setUpBeforeClass -->
        <test-method status="FAIL" signature="TC01_Positive(java.lang.reflect.Method)[pri:0, instance:com.zafor.demo.test.TestMe@3a82f6ef]" name="TC01_Positive" duration-ms="7" started-at="2019-08-14T19:23:00Z" finished-at="2019-08-14T19:23:00Z">
          <params>
            <param index="0">
              <value>
                <![CDATA[public void com.zafor.demo.test.TestMe.TC01_Positive(java.lang.reflect.Method)]]>
              </value>
            </param>
          </params>
          <exception class="java.lang.AssertionError">
            <message>
              <![CDATA[TC01_Positive : Test Failed]]>
            </message>
            <full-stacktrace>
              <![CDATA[java.lang.AssertionError: TC01_Positive : Test Failed
	at org.testng.Assert.fail(Assert.java:94)
	at com.zafor.demo.test.BaseScript.assert_All(BaseScript.java:29)
	at com.zafor.demo.test.TestMe.TC01_Positive(TestMe.java:19)
	at sun.reflect.NativeMethodAccessorImpl.invoke0(Native Method)
	at sun.reflect.NativeMethodAccessorImpl.invoke(NativeMethodAccessorImpl.java:62)
	at sun.reflect.DelegatingMethodAccessorImpl.invoke(DelegatingMethodAccessorImpl.java:43)
	at java.lang.reflect.Method.invoke(Method.java:498)
	at org.testng.internal.MethodInvocationHelper.invokeMethod(MethodInvocationHelper.java:86)
	at org.testng.internal.Invoker.invokeMethod(Invoker.java:643)
	at org.testng.internal.Invoker.invokeTestMethod(Invoker.java:820)
	at org.testng.internal.Invoker.invokeTestMethods(Invoker.java:1128)
	at org.testng.internal.TestMethodWorker.invokeTestMethods(TestMethodWorker.java:129)
	at org.testng.internal.TestMethodWorker.run(TestMethodWorker.java:112)
	at org.testng.TestRunner.privateRun(TestRunner.java:782)
	at org.testng.TestRunner.run(TestRunner.java:632)
	at org.testng.SuiteRunner.runTest(SuiteRunner.java:366)
	at org.testng.SuiteRunner.runSequentially(SuiteRunner.java:361)
	at org.testng.SuiteRunner.privateRun(SuiteRunner.java:319)
	at org.testng.SuiteRunner.run(SuiteRunner.java:268)
	at org.testng.SuiteRunnerWorker.runSuite(SuiteRunnerWorker.java:52)
	at org.testng.SuiteRunnerWorker.run(SuiteRunnerWorker.java:86)
	at org.testng.TestNG.runSuitesSequentially(TestNG.java:1244)
	at org.testng.TestNG.runSuitesLocally(TestNG.java:1169)
	at org.testng.TestNG.run(TestNG.java:1064)
	at org.testng.remote.AbstractRemoteTestNG.run(AbstractRemoteTestNG.java:126)
	at org.testng.remote.RemoteTestNG.initAndRun(RemoteTestNG.java:152)
	at org.testng.remote.RemoteTestNG.main(RemoteTestNG.java:57)
]]>
            </full-stacktrace>
          </exception> <!-- java.lang.AssertionError -->
          <reporter-output>
          </reporter-output>
        </test-method> <!-- TC01_Positive -->
        <test-method status="PASS" signature="setUpBeforeMethod(java.lang.reflect.Method)[pri:0, instance:com.zafor.demo.test.TestMe@3a82f6ef]" name="setUpBeforeMethod" is-config="true" duration-ms="0" started-at="2019-08-14T19:23:00Z" finished-at="2019-08-14T19:23:00Z">
          <params>
            <param index="0">
              <value>
                <![CDATA[public void com.zafor.demo.test.TestMe.TC01_Positive(java.lang.reflect.Method)]]>
              </value>
            </param>
          </params>
          <reporter-output>
          </reporter-output>
        </test-method> <!-- setUpBeforeMethod -->
        <test-method status="PASS" signature="tearDownAfterMethod(org.testng.ITestResult)[pri:0, instance:com.zafor.demo.test.TestMe@3a82f6ef]" name="tearDownAfterMethod" is-config="true" duration-ms="1" started-at="2019-08-14T19:23:00Z" finished-at="2019-08-14T19:23:00Z">
          <params>
            <param index="0">
              <value>
                <![CDATA[[TestResult name=TC01_Positive status=FAILURE method=TestMe.TC01_Positive(java.lang.reflect.Method)[pri:0, instance:com.zafor.demo.test.TestMe@3a82f6ef] output={null}]]]>
              </value>
            </param>
          </params>
          <reporter-output>
          </reporter-output>
        </test-method> <!-- tearDownAfterMethod -->
        <test-method status="PASS" signature="tearDownAfterClass()[pri:0, instance:com.zafor.demo.test.TestMe@3a82f6ef]" name="tearDownAfterClass" is-config="true" duration-ms="187" started-at="2019-08-14T19:23:00Z" finished-at="2019-08-14T19:23:00Z">
          <reporter-output>
          </reporter-output>
        </test-method> <!-- tearDownAfterClass -->
        <test-method status="PASS" signature="setUpAfterGroups()[pri:0, instance:com.zafor.demo.test.TestMe@3a82f6ef]" name="setUpAfterGroups" is-config="true" duration-ms="0" started-at="2019-08-14T19:23:00Z" finished-at="2019-08-14T19:23:00Z">
          <reporter-output>
          </reporter-output>
        </test-method> <!-- setUpAfterGroups -->
        <test-method status="PASS" signature="tearDownAfterSuite()[pri:0, instance:com.zafor.demo.test.TestMe@3a82f6ef]" name="tearDownAfterSuite" is-config="true" duration-ms="32" started-at="2019-08-14T19:23:00Z" finished-at="2019-08-14T19:23:00Z">
          <reporter-output>
          </reporter-output>
        </test-method> <!-- tearDownAfterSuite -->
      </class> <!-- com.zafor.demo.test.TestMe -->
    </test> <!-- Default test -->
  </suite> <!-- Default suite -->
</testng-results>
